<?xml version="1.0" encoding="UTF-8"?>
<coverage generated="1764971303995" clover="3.2.0">
  <project timestamp="1764971303996" name="All files">
    <metrics statements="66" coveredstatements="25" conditionals="7" coveredconditionals="2" methods="29" coveredmethods="6" elements="102" coveredelements="33" complexity="0" loc="66" ncloc="66" packages="4" files="5" classes="5"/>
    <package name="auth.components">
      <metrics statements="27" coveredstatements="18" conditionals="0" coveredconditionals="0" methods="9" coveredmethods="4"/>
      <file name="Login.tsx" path="D:\GitHub\Workshops\Danps\react-client\src\features\auth\components\Login.tsx">
        <metrics statements="18" coveredstatements="10" conditionals="0" coveredconditionals="0" methods="7" coveredmethods="2"/>
        <line num="10" count="1" type="stmt"/>
        <line num="20" count="8" type="stmt"/>
        <line num="21" count="8" type="stmt"/>
        <line num="28" count="8" type="stmt"/>
        <line num="33" count="1" type="stmt"/>
        <line num="34" count="1" type="stmt"/>
        <line num="35" count="1" type="stmt"/>
        <line num="36" count="1" type="stmt"/>
        <line num="37" count="1" type="stmt"/>
        <line num="39" count="0" type="stmt"/>
        <line num="45" count="0" type="stmt"/>
        <line num="46" count="0" type="stmt"/>
        <line num="47" count="0" type="stmt"/>
        <line num="50" count="8" type="stmt"/>
        <line num="82" count="0" type="stmt"/>
        <line num="85" count="0" type="stmt"/>
        <line num="88" count="0" type="stmt"/>
        <line num="91" count="0" type="stmt"/>
      </file>
      <file name="Register.tsx" path="D:\GitHub\Workshops\Danps\react-client\src\features\auth\components\Register.tsx">
        <metrics statements="9" coveredstatements="8" conditionals="0" coveredconditionals="0" methods="2" coveredmethods="2"/>
        <line num="11" count="8" type="stmt"/>
        <line num="12" count="8" type="stmt"/>
        <line num="18" count="8" type="stmt"/>
        <line num="23" count="1" type="stmt"/>
        <line num="24" count="1" type="stmt"/>
        <line num="25" count="1" type="stmt"/>
        <line num="26" count="1" type="stmt"/>
        <line num="28" count="0" type="stmt"/>
        <line num="32" count="8" type="stmt"/>
      </file>
    </package>
    <package name="auth.context">
      <metrics statements="22" coveredstatements="1" conditionals="4" coveredconditionals="0" methods="11" coveredmethods="0"/>
      <file name="AuthContext.tsx" path="D:\GitHub\Workshops\Danps\react-client\src\features\auth\context\AuthContext.tsx">
        <metrics statements="22" coveredstatements="1" conditionals="4" coveredconditionals="0" methods="11" coveredmethods="0"/>
        <line num="12" count="2" type="stmt"/>
        <line num="20" count="0" type="stmt"/>
        <line num="23" count="0" type="stmt"/>
        <line num="24" count="0" type="stmt"/>
        <line num="28" count="0" type="stmt"/>
        <line num="29" count="0" type="stmt"/>
        <line num="34" count="0" type="cond" truecount="0" falsecount="2"/>
        <line num="35" count="0" type="stmt"/>
        <line num="36" count="0" type="stmt"/>
        <line num="37" count="0" type="stmt"/>
        <line num="38" count="0" type="stmt"/>
        <line num="40" count="0" type="stmt"/>
        <line num="46" count="0" type="stmt"/>
        <line num="47" count="0" type="stmt"/>
        <line num="48" count="0" type="stmt"/>
        <line num="51" count="0" type="stmt"/>
        <line num="55" count="0" type="stmt"/>
        <line num="56" count="0" type="stmt"/>
        <line num="57" count="0" type="cond" truecount="0" falsecount="2"/>
        <line num="58" count="0" type="stmt"/>
        <line num="62" count="0" type="stmt"/>
        <line num="77" count="0" type="stmt"/>
      </file>
    </package>
    <package name="auth.schemas">
      <metrics statements="1" coveredstatements="1" conditionals="0" coveredconditionals="0" methods="0" coveredmethods="0"/>
      <file name="registerSchema.ts" path="D:\GitHub\Workshops\Danps\react-client\src\features\auth\schemas\registerSchema.ts">
        <metrics statements="1" coveredstatements="1" conditionals="0" coveredconditionals="0" methods="0" coveredmethods="0"/>
        <line num="3" count="1" type="stmt"/>
      </file>
    </package>
    <package name="workshops.components">
      <metrics statements="16" coveredstatements="5" conditionals="3" coveredconditionals="2" methods="9" coveredmethods="2"/>
      <file name="WorkshopForm.tsx" path="D:\GitHub\Workshops\Danps\react-client\src\features\workshops\components\WorkshopForm.tsx">
        <metrics statements="16" coveredstatements="5" conditionals="3" coveredconditionals="2" methods="9" coveredmethods="2"/>
        <line num="15" count="3" type="stmt"/>
        <line num="26" count="3" type="stmt"/>
        <line num="28" count="3" type="stmt"/>
        <line num="29" count="0" type="stmt"/>
        <line num="30" count="0" type="stmt"/>
        <line num="31" count="0" type="stmt"/>
        <line num="32" count="0" type="stmt"/>
        <line num="34" count="0" type="stmt"/>
        <line num="38" count="3" type="stmt"/>
        <line num="46" count="1" type="stmt"/>
        <line num="58" count="0" type="stmt"/>
        <line num="71" count="0" type="stmt"/>
        <line num="81" count="0" type="stmt"/>
        <line num="93" count="0" type="stmt"/>
        <line num="106" count="0" type="stmt"/>
        <line num="115" count="0" type="stmt"/>
      </file>
    </package>
  </project>
</coverage>
